[0630/173136.251:ERROR:process_memory_win.cc(73)] ReadMemory at 0x1f2f73d3cf0 of 72 bytes failed: Only part of a ReadProcessMemory or WriteProcessMemory request was completed. (0x12B)
[0630/173136.252:WARNING:pe_image_annotations_reader.cc(134)] could not read annotations list object in C:\Program Files (x86)\Google\Chrome\Application\83.0.4103.116\chrome_elf.dll
[0630/173136.253:ERROR:process_memory_win.cc(73)] ReadMemory at 0x1f2f7245830 of 72 bytes failed: Only part of a ReadProcessMemory or WriteProcessMemory request was completed. (0x12B)
[0630/173136.253:WARNING:pe_image_annotations_reader.cc(134)] could not read annotations list object in C:\Program Files (x86)\Google\Chrome\Application\83.0.4103.116\chrome.dll
[0630/173136.283:ERROR:process_memory_win.cc(73)] ReadMemory at 0x7ff786fc0000 of 64 bytes failed: Only part of a ReadProcessMemory or WriteProcessMemory request was completed. (0x12B)
[0630/173136.283:WARNING:pe_image_reader.cc(340)] could not read dos header from C:\Program Files (x86)\Google\Chrome\Application\chrome.exe
[0630/173136.283:ERROR:process_memory_win.cc(73)] ReadMemory at 0x7ff8da960000 of 64 bytes failed: Only part of a ReadProcessMemory or WriteProcessMemory request was completed. (0x12B)
[0630/173136.283:WARNING:pe_image_reader.cc(340)] could not read dos header from C:\WINDOWS\SYSTEM32\ntdll.dll
[0630/173136.283:ERROR:process_memory_win.cc(73)] ReadMemory at 0x7ff8da6c0000 of 64 bytes failed: Only part of a ReadProcessMemory or WriteProcessMemory request was completed. (0x12B)
[0630/173136.283:WARNING:pe_image_reader.cc(340)] could not read dos header from C:\WINDOWS\System32\KERNEL32.DLL
[0630/173136.283:ERROR:process_memory_win.cc(73)] ReadMemory at 0x7ff8d7d20000 of 64 bytes failed: Only part of a ReadProcessMemory or WriteProcessMemory request was completed. (0x12B)
[0630/173136.283:WARNING:pe_image_reader.cc(340)] could not read dos header from C:\WINDOWS\System32\KERNELBASE.dll
[0630/173136.283:ERROR:process_memory_win.cc(73)] ReadMemory at 0x7ff892e30000 of 64 bytes failed: Only part of a ReadProcessMemory or WriteProcessMemory request was completed. (0x12B)
[0630/173136.284:WARNING:pe_image_reader.cc(340)] could not read dos header from C:\Program Files (x86)\Google\Chrome\Application\83.0.4103.116\chrome_elf.dll
[0630/173136.284:ERROR:process_memory_win.cc(73)] ReadMemory at 0x7ff8cb3a0000 of 64 bytes failed: Only part of a ReadProcessMemory or WriteProcessMemory request was completed. (0x12B)
[0630/173136.284:WARNING:pe_image_reader.cc(340)] could not read dos header from C:\WINDOWS\SYSTEM32\VERSION.dll
[0630/173136.284:ERROR:process_memory_win.cc(73)] ReadMemory at 0x7ff8d8a10000 of 64 bytes failed: Only part of a ReadProcessMemory or WriteProcessMemory request was completed. (0x12B)
[0630/173136.284:WARNING:pe_image_reader.cc(340)] could not read dos header from C:\WINDOWS\System32\msvcrt.dll
[0630/173136.284:ERROR:process_memory_win.cc(73)] ReadMemory at 0x7ff8d7b40000 of 64 bytes failed: Only part of a ReadProcessMemory or WriteProcessMemory request was completed. (0x12B)
[0630/173136.284:WARNING:pe_image_reader.cc(340)] could not read dos header from C:\WINDOWS\System32\bcryptPrimitives.dll
[0630/173136.284:ERROR:process_memory_win.cc(73)] ReadMemory at 0x7ff8d9610000 of 64 bytes failed: Only part of a ReadProcessMemory or WriteProcessMemory request was completed. (0x12B)
[0630/173136.284:WARNING:pe_image_reader.cc(340)] could not read dos header from C:\WINDOWS\System32\ADVAPI32.dll
[0630/173136.284:ERROR:process_memory_win.cc(73)] ReadMemory at 0x7ff8d9570000 of 64 bytes failed: Only part of a ReadProcessMemory or WriteProcessMemory request was completed. (0x12B)
[0630/173136.284:WARNING:pe_image_reader.cc(340)] could not read dos header from C:\WINDOWS\System32\sechost.dll
[0630/173136.284:ERROR:process_memory_win.cc(73)] ReadMemory at 0x7ff8da800000 of 64 bytes failed: Only part of a ReadProcessMemory or WriteProcessMemory request was completed. (0x12B)
[0630/173136.284:WARNING:pe_image_reader.cc(340)] could not read dos header from C:\WINDOWS\System32\RPCRT4.dll
[0630/173136.284:ERROR:process_memory_win.cc(73)] ReadMemory at 0x7ff866420000 of 64 bytes failed: Only part of a ReadProcessMemory or WriteProcessMemory request was completed. (0x12B)
[0630/173136.284:WARNING:pe_image_reader.cc(340)] could not read dos header from C:\Program Files (x86)\Google\Chrome\Application\83.0.4103.116\chrome.dll
[0630/173136.284:ERROR:process_memory_win.cc(73)] ReadMemory at 0x7ff8d92d0000 of 64 bytes failed: Only part of a ReadProcessMemory or WriteProcessMemory request was completed. (0x12B)
[0630/173136.284:WARNING:pe_image_reader.cc(340)] could not read dos header from C:\WINDOWS\System32\WS2_32.dll
[0630/173136.284:ERROR:process_memory_win.cc(73)] ReadMemory at 0x7ff8d99e0000 of 64 bytes failed: Only part of a ReadProcessMemory or WriteProcessMemory request was completed. (0x12B)
[0630/173136.284:WARNING:pe_image_reader.cc(340)] could not read dos header from C:\WINDOWS\System32\OLEAUT32.dll
[0630/173136.284:ERROR:process_memory_win.cc(73)] ReadMemory at 0x7ff8d8910000 of 64 bytes failed: Only part of a ReadProcessMemory or WriteProcessMemory request was completed. (0x12B)
[0630/173136.284:WARNING:pe_image_reader.cc(340)] could not read dos header from C:\WINDOWS\System32\msvcp_win.dll
[0630/173136.284:ERROR:process_memory_win.cc(73)] ReadMemory at 0x7ff8d78f0000 of 64 bytes failed: Only part of a ReadProcessMemory or WriteProcessMemory request was completed. (0x12B)
[0630/173136.284:WARNING:pe_image_reader.cc(340)] could not read dos header from C:\WINDOWS\System32\ucrtbase.dll
[0630/173136.284:ERROR:process_memory_win.cc(73)] ReadMemory at 0x7ff8d9ac0000 of 64 bytes failed: Only part of a ReadProcessMemory or WriteProcessMemory request was completed. (0x12B)
[0630/173136.284:WARNING:pe_image_reader.cc(340)] could not read dos header from C:\WINDOWS\System32\combase.dll
[0630/173136.284:ERROR:process_memory_win.cc(73)] ReadMemory at 0x7ff8d7c10000 of 64 bytes failed: Only part of a ReadProcessMemory or WriteProcessMemory request was completed. (0x12B)
[0630/173136.284:WARNING:pe_image_reader.cc(340)] could not read dos header from C:\WINDOWS\System32\WINTRUST.dll
[0630/173136.284:ERROR:process_memory_win.cc(73)] ReadMemory at 0x7ff8d7830000 of 64 bytes failed: Only part of a ReadProcessMemory or WriteProcessMemory request was completed. (0x12B)
[0630/173136.284:WARNING:pe_image_reader.cc(340)] could not read dos header from C:\WINDOWS\System32\MSASN1.dll
[0630/173136.284:ERROR:process_memory_win.cc(73)] ReadMemory at 0x7ff8d79f0000 of 64 bytes failed: Only part of a ReadProcessMemory or WriteProcessMemory request was completed. (0x12B)
[0630/173136.285:WARNING:pe_image_reader.cc(340)] could not read dos header from C:\WINDOWS\System32\CRYPT32.dll
[0630/173136.285:ERROR:process_memory_win.cc(73)] ReadMemory at 0x7ff8d6d00000 of 64 bytes failed: Only part of a ReadProcessMemory or WriteProcessMemory request was completed. (0x12B)
[0630/173136.285:WARNING:pe_image_reader.cc(340)] could not read dos header from C:\WINDOWS\SYSTEM32\IPHLPAPI.DLL
[0630/173136.285:ERROR:process_memory_win.cc(73)] ReadMemory at 0x7ff8d4fe0000 of 64 bytes failed: Only part of a ReadProcessMemory or WriteProcessMemory request was completed. (0x12B)
[0630/173136.285:WARNING:pe_image_reader.cc(340)] could not read dos header from C:\WINDOWS\SYSTEM32\WINMM.dll
[0630/173136.285:ERROR:process_memory_win.cc(73)] ReadMemory at 0x7ff8bc240000 of 64 bytes failed: Only part of a ReadProcessMemory or WriteProcessMemory request was completed. (0x12B)
[0630/173136.285:WARNING:pe_image_reader.cc(340)] could not read dos header from C:\WINDOWS\SYSTEM32\Secur32.dll
[0630/173136.285:ERROR:process_memory_win.cc(73)] ReadMemory at 0x7ff8d7740000 of 64 bytes failed: Only part of a ReadProcessMemory or WriteProcessMemory request was completed. (0x12B)
[0630/173136.285:WARNING:pe_image_reader.cc(340)] could not read dos header from C:\WINDOWS\SYSTEM32\USERENV.dll
[0630/173136.285:ERROR:process_memory_win.cc(73)] ReadMemory at 0x7ff8d7870000 of 64 bytes failed: Only part of a ReadProcessMemory or WriteProcessMemory request was completed. (0x12B)
[0630/173136.285:WARNING:pe_image_reader.cc(340)] could not read dos header from C:\WINDOWS\System32\profapi.dll
[0630/173136.285:ERROR:process_memory_win.cc(73)] ReadMemory at 0x7ff8abea0000 of 64 bytes failed: Only part of a ReadProcessMemory or WriteProcessMemory request was completed. (0x12B)
[0630/173136.285:WARNING:pe_image_reader.cc(340)] could not read dos header from C:\WINDOWS\SYSTEM32\UIAutomationCore.DLL
[0630/173136.285:ERROR:process_memory_win.cc(73)] ReadMemory at 0x7ff8b7e80000 of 64 bytes failed: Only part of a ReadProcessMemory or WriteProcessMemory request was completed. (0x12B)
[0630/173136.285:WARNING:pe_image_reader.cc(340)] could not read dos header from C:\WINDOWS\SYSTEM32\DWrite.dll
[0630/173136.285:ERROR:process_memory_win.cc(73)] ReadMemory at 0x7ff8cb090000 of 64 bytes failed: Only part of a ReadProcessMemory or WriteProcessMemory request was completed. (0x12B)
[0630/173136.285:WARNING:pe_image_reader.cc(340)] could not read dos header from C:\WINDOWS\SYSTEM32\WINSPOOL.DRV
[0630/173136.285:ERROR:process_memory_win.cc(73)] ReadMemory at 0x7ff8d7850000 of 64 bytes failed: Only part of a ReadProcessMemory or WriteProcessMemory request was completed. (0x12B)
[0630/173136.285:WARNING:pe_image_reader.cc(340)] could not read dos header from C:\WINDOWS\System32\kernel.appcore.dll
[0630/173136.285:ERROR:process_memory_win.cc(73)] ReadMemory at 0x7ff8d89b0000 of 64 bytes failed: Only part of a ReadProcessMemory or WriteProcessMemory request was completed. (0x12B)
[0630/173136.285:WARNING:pe_image_reader.cc(340)] could not read dos header from C:\WINDOWS\System32\bcrypt.dll
[0630/173136.285:ERROR:process_memory_win.cc(73)] ReadMemory at 0x7ff8d60c0000 of 64 bytes failed: Only part of a ReadProcessMemory or WriteProcessMemory request was completed. (0x12B)
[0630/173136.285:WARNING:pe_image_reader.cc(340)] could not read dos header from C:\WINDOWS\SYSTEM32\dbghelp.dll
[0630/173136.285:ERROR:process_memory_win.cc(73)] ReadMemory at 0x7ff8c7b80000 of 64 bytes failed: Only part of a ReadProcessMemory or WriteProcessMemory request was completed. (0x12B)
[0630/173136.285:WARNING:pe_image_reader.cc(340)] could not read dos header from C:\WINDOWS\SYSTEM32\WINHTTP.dll
[0630/173136.285:ERROR:process_memory_win.cc(73)] ReadMemory at 0x7ff8cae50000 of 64 bytes failed: Only part of a ReadProcessMemory or WriteProcessMemory request was completed. (0x12B)
[0630/173136.285:WARNING:pe_image_reader.cc(340)] could not read dos header from C:\WINDOWS\SYSTEM32\dhcpcsvc.DLL
[0630/173136.285:ERROR:process_memory_win.cc(73)] ReadMemory at 0x7ff8d8c50000 of 64 bytes failed: Only part of a ReadProcessMemory or WriteProcessMemory request was completed. (0x12B)
[0630/173136.285:WARNING:pe_image_reader.cc(340)] could not read dos header from C:\WINDOWS\System32\NSI.dll
[0630/173136.285:ERROR:process_memory_win.cc(73)] ReadMemory at 0x7ff8d4fb0000 of 64 bytes failed: Only part of a ReadProcessMemory or WriteProcessMemory request was completed. (0x12B)
[0630/173136.286:WARNING:pe_image_reader.cc(340)] could not read dos header from C:\WINDOWS\SYSTEM32\WINMMBASE.dll
[0630/173136.286:ERROR:process_memory_win.cc(73)] ReadMemory at 0x7ff8d7bc0000 of 64 bytes failed: Only part of a ReadProcessMemory or WriteProcessMemory request was completed. (0x12B)
[0630/173136.286:WARNING:pe_image_reader.cc(340)] could not read dos header from C:\WINDOWS\System32\cfgmgr32.dll
[0630/173136.286:ERROR:process_memory_win.cc(73)] ReadMemory at 0x7ff8d3dc0000 of 64 bytes failed: Only part of a ReadProcessMemory or WriteProcessMemory request was completed. (0x12B)
[0630/173136.286:WARNING:pe_image_reader.cc(340)] could not read dos header from C:\WINDOWS\SYSTEM32\PROPSYS.dll
[0630/173136.286:ERROR:process_memory_win.cc(73)] ReadMemory at 0x7ff8d96c0000 of 64 bytes failed: Only part of a ReadProcessMemory or WriteProcessMemory request was completed. (0x12B)
[0630/173136.286:WARNING:pe_image_reader.cc(340)] could not read dos header from C:\WINDOWS\System32\shcore.dll
[0630/173136.286:ERROR:process_memory_win.cc(73)] ReadMemory at 0x7ff8d7710000 of 64 bytes failed: Only part of a ReadProcessMemory or WriteProcessMemory request was completed. (0x12B)
[0630/173136.286:WARNING:pe_image_reader.cc(340)] could not read dos header from C:\WINDOWS\SYSTEM32\SSPICLI.DLL
[0630/173136.286:ERROR:process_memory_win.cc(73)] ReadMemory at 0x7ff8d7160000 of 64 bytes failed: Only part of a ReadProcessMemory or WriteProcessMemory request was completed. (0x12B)
[0630/173136.286:WARNING:pe_image_reader.cc(340)] could not read dos header from C:\WINDOWS\SYSTEM32\CRYPTBASE.DLL
[0630/173136.290:ERROR:process_memory_win.cc(73)] ReadMemory at 0x7ff786fc0000 of 64 bytes failed: Only part of a ReadProcessMemory or WriteProcessMemory request was completed. (0x12B)
[0630/173136.290:WARNING:pe_image_reader.cc(340)] could not read dos header from C:\Program Files (x86)\Google\Chrome\Application\chrome.exe
[0630/173136.290:ERROR:process_memory_win.cc(73)] ReadMemory at 0x7ff8da960000 of 64 bytes failed: Only part of a ReadProcessMemory or WriteProcessMemory request was completed. (0x12B)
[0630/173136.291:WARNING:pe_image_reader.cc(340)] could not read dos header from C:\WINDOWS\SYSTEM32\ntdll.dll
[0630/173136.291:ERROR:process_memory_win.cc(73)] ReadMemory at 0x7ff8da6c0000 of 64 bytes failed: Only part of a ReadProcessMemory or WriteProcessMemory request was completed. (0x12B)
[0630/173136.291:WARNING:pe_image_reader.cc(340)] could not read dos header from C:\WINDOWS\System32\KERNEL32.DLL
[0630/173136.291:ERROR:process_memory_win.cc(73)] ReadMemory at 0x7ff8d7d20000 of 64 bytes failed: Only part of a ReadProcessMemory or WriteProcessMemory request was completed. (0x12B)
[0630/173136.291:WARNING:pe_image_reader.cc(340)] could not read dos header from C:\WINDOWS\System32\KERNELBASE.dll
[0630/173136.291:ERROR:process_memory_win.cc(73)] ReadMemory at 0x7ff892e30000 of 64 bytes failed: Only part of a ReadProcessMemory or WriteProcessMemory request was completed. (0x12B)
[0630/173136.291:WARNING:pe_image_reader.cc(340)] could not read dos header from C:\Program Files (x86)\Google\Chrome\Application\83.0.4103.116\chrome_elf.dll
[0630/173136.291:ERROR:process_memory_win.cc(73)] ReadMemory at 0x7ff8cb3a0000 of 64 bytes failed: Only part of a ReadProcessMemory or WriteProcessMemory request was completed. (0x12B)
[0630/173136.291:WARNING:pe_image_reader.cc(340)] could not read dos header from C:\WINDOWS\SYSTEM32\VERSION.dll
[0630/173136.291:ERROR:process_memory_win.cc(73)] ReadMemory at 0x7ff8d8a10000 of 64 bytes failed: Only part of a ReadProcessMemory or WriteProcessMemory request was completed. (0x12B)
[0630/173136.291:WARNING:pe_image_reader.cc(340)] could not read dos header from C:\WINDOWS\System32\msvcrt.dll
[0630/173136.291:ERROR:process_memory_win.cc(73)] ReadMemory at 0x7ff8d7b40000 of 64 bytes failed: Only part of a ReadProcessMemory or WriteProcessMemory request was completed. (0x12B)
[0630/173136.291:WARNING:pe_image_reader.cc(340)] could not read dos header from C:\WINDOWS\System32\bcryptPrimitives.dll
[0630/173136.291:ERROR:process_memory_win.cc(73)] ReadMemory at 0x7ff8d9610000 of 64 bytes failed: Only part of a ReadProcessMemory or WriteProcessMemory request was completed. (0x12B)
[0630/173136.291:WARNING:pe_image_reader.cc(340)] could not read dos header from C:\WINDOWS\System32\ADVAPI32.dll
[0630/173136.291:ERROR:process_memory_win.cc(73)] ReadMemory at 0x7ff8d9570000 of 64 bytes failed: Only part of a ReadProcessMemory or WriteProcessMemory request was completed. (0x12B)
[0630/173136.291:WARNING:pe_image_reader.cc(340)] could not read dos header from C:\WINDOWS\System32\sechost.dll
[0630/173136.291:ERROR:process_memory_win.cc(73)] ReadMemory at 0x7ff8da800000 of 64 bytes failed: Only part of a ReadProcessMemory or WriteProcessMemory request was completed. (0x12B)
[0630/173136.291:WARNING:pe_image_reader.cc(340)] could not read dos header from C:\WINDOWS\System32\RPCRT4.dll
[0630/173136.291:ERROR:process_memory_win.cc(73)] ReadMemory at 0x7ff866420000 of 64 bytes failed: Only part of a ReadProcessMemory or WriteProcessMemory request was completed. (0x12B)
[0630/173136.291:WARNING:pe_image_reader.cc(340)] could not read dos header from C:\Program Files (x86)\Google\Chrome\Application\83.0.4103.116\chrome.dll
[0630/173136.291:ERROR:process_memory_win.cc(73)] ReadMemory at 0x7ff8d92d0000 of 64 bytes failed: Only part of a ReadProcessMemory or WriteProcessMemory request was completed. (0x12B)
[0630/173136.291:WARNING:pe_image_reader.cc(340)] could not read dos header from C:\WINDOWS\System32\WS2_32.dll
[0630/173136.291:ERROR:process_memory_win.cc(73)] ReadMemory at 0x7ff8d99e0000 of 64 bytes failed: Only part of a ReadProcessMemory or WriteProcessMemory request was completed. (0x12B)
[0630/173136.291:WARNING:pe_image_reader.cc(340)] could not read dos header from C:\WINDOWS\System32\OLEAUT32.dll
[0630/173136.291:ERROR:process_memory_win.cc(73)] ReadMemory at 0x7ff8d8910000 of 64 bytes failed: Only part of a ReadProcessMemory or WriteProcessMemory request was completed. (0x12B)
[0630/173136.291:WARNING:pe_image_reader.cc(340)] could not read dos header from C:\WINDOWS\System32\msvcp_win.dll
[0630/173136.291:ERROR:process_memory_win.cc(73)] ReadMemory at 0x7ff8d78f0000 of 64 bytes failed: Only part of a ReadProcessMemory or WriteProcessMemory request was completed. (0x12B)
[0630/173136.291:WARNING:pe_image_reader.cc(340)] could not read dos header from C:\WINDOWS\System32\ucrtbase.dll
[0630/173136.291:ERROR:process_memory_win.cc(73)] ReadMemory at 0x7ff8d9ac0000 of 64 bytes failed: Only part of a ReadProcessMemory or WriteProcessMemory request was completed. (0x12B)
[0630/173136.291:WARNING:pe_image_reader.cc(340)] could not read dos header from C:\WINDOWS\System32\combase.dll
[0630/173136.292:ERROR:process_memory_win.cc(73)] ReadMemory at 0x7ff8d7c10000 of 64 bytes failed: Only part of a ReadProcessMemory or WriteProcessMemory request was completed. (0x12B)
[0630/173136.292:WARNING:pe_image_reader.cc(340)] could not read dos header from C:\WINDOWS\System32\WINTRUST.dll
[0630/173136.292:ERROR:process_memory_win.cc(73)] ReadMemory at 0x7ff8d7830000 of 64 bytes failed: Only part of a ReadProcessMemory or WriteProcessMemory request was completed. (0x12B)
[0630/173136.292:WARNING:pe_image_reader.cc(340)] could not read dos header from C:\WINDOWS\System32\MSASN1.dll
[0630/173136.292:ERROR:process_memory_win.cc(73)] ReadMemory at 0x7ff8d79f0000 of 64 bytes failed: Only part of a ReadProcessMemory or WriteProcessMemory request was completed. (0x12B)
[0630/173136.292:WARNING:pe_image_reader.cc(340)] could not read dos header from C:\WINDOWS\System32\CRYPT32.dll
[0630/173136.292:ERROR:process_memory_win.cc(73)] ReadMemory at 0x7ff8d6d00000 of 64 bytes failed: Only part of a ReadProcessMemory or WriteProcessMemory request was completed. (0x12B)
[0630/173136.292:WARNING:pe_image_reader.cc(340)] could not read dos header from C:\WINDOWS\SYSTEM32\IPHLPAPI.DLL
[0630/173136.292:ERROR:process_memory_win.cc(73)] ReadMemory at 0x7ff8d4fe0000 of 64 bytes failed: Only part of a ReadProcessMemory or WriteProcessMemory request was completed. (0x12B)
[0630/173136.292:WARNING:pe_image_reader.cc(340)] could not read dos header from C:\WINDOWS\SYSTEM32\WINMM.dll
[0630/173136.292:ERROR:process_memory_win.cc(73)] ReadMemory at 0x7ff8bc240000 of 64 bytes failed: Only part of a ReadProcessMemory or WriteProcessMemory request was completed. (0x12B)
[0630/173136.292:WARNING:pe_image_reader.cc(340)] could not read dos header from C:\WINDOWS\SYSTEM32\Secur32.dll
[0630/173136.292:ERROR:process_memory_win.cc(73)] ReadMemory at 0x7ff8d7740000 of 64 bytes failed: Only part of a ReadProcessMemory or WriteProcessMemory request was completed. (0x12B)
[0630/173136.292:WARNING:pe_image_reader.cc(340)] could not read dos header from C:\WINDOWS\SYSTEM32\USERENV.dll
[0630/173136.292:ERROR:process_memory_win.cc(73)] ReadMemory at 0x7ff8d7870000 of 64 bytes failed: Only part of a ReadProcessMemory or WriteProcessMemory request was completed. (0x12B)
[0630/173136.292:WARNING:pe_image_reader.cc(340)] could not read dos header from C:\WINDOWS\System32\profapi.dll
[0630/173136.292:ERROR:process_memory_win.cc(73)] ReadMemory at 0x7ff8abea0000 of 64 bytes failed: Only part of a ReadProcessMemory or WriteProcessMemory request was completed. (0x12B)
[0630/173136.292:WARNING:pe_image_reader.cc(340)] could not read dos header from C:\WINDOWS\SYSTEM32\UIAutomationCore.DLL
[0630/173136.292:ERROR:process_memory_win.cc(73)] ReadMemory at 0x7ff8b7e80000 of 64 bytes failed: Only part of a ReadProcessMemory or WriteProcessMemory request was completed. (0x12B)
[0630/173136.292:WARNING:pe_image_reader.cc(340)] could not read dos header from C:\WINDOWS\SYSTEM32\DWrite.dll
[0630/173136.292:ERROR:process_memory_win.cc(73)] ReadMemory at 0x7ff8cb090000 of 64 bytes failed: Only part of a ReadProcessMemory or WriteProcessMemory request was completed. (0x12B)
[0630/173136.292:WARNING:pe_image_reader.cc(340)] could not read dos header from C:\WINDOWS\SYSTEM32\WINSPOOL.DRV
[0630/173136.292:ERROR:process_memory_win.cc(73)] ReadMemory at 0x7ff8d7850000 of 64 bytes failed: Only part of a ReadProcessMemory or WriteProcessMemory request was completed. (0x12B)
[0630/173136.292:WARNING:pe_image_reader.cc(340)] could not read dos header from C:\WINDOWS\System32\kernel.appcore.dll
[0630/173136.292:ERROR:process_memory_win.cc(73)] ReadMemory at 0x7ff8d89b0000 of 64 bytes failed: Only part of a ReadProcessMemory or WriteProcessMemory request was completed. (0x12B)
[0630/173136.292:WARNING:pe_image_reader.cc(340)] could not read dos header from C:\WINDOWS\System32\bcrypt.dll
[0630/173136.292:ERROR:process_memory_win.cc(73)] ReadMemory at 0x7ff8d60c0000 of 64 bytes failed: Only part of a ReadProcessMemory or WriteProcessMemory request was completed. (0x12B)
[0630/173136.292:WARNING:pe_image_reader.cc(340)] could not read dos header from C:\WINDOWS\SYSTEM32\dbghelp.dll
[0630/173136.292:ERROR:process_memory_win.cc(73)] ReadMemory at 0x7ff8c7b80000 of 64 bytes failed: Only part of a ReadProcessMemory or WriteProcessMemory request was completed. (0x12B)
[0630/173136.292:WARNING:pe_image_reader.cc(340)] could not read dos header from C:\WINDOWS\SYSTEM32\WINHTTP.dll
[0630/173136.293:ERROR:process_memory_win.cc(73)] ReadMemory at 0x7ff8cae50000 of 64 bytes failed: Only part of a ReadProcessMemory or WriteProcessMemory request was completed. (0x12B)
[0630/173136.293:WARNING:pe_image_reader.cc(340)] could not read dos header from C:\WINDOWS\SYSTEM32\dhcpcsvc.DLL
[0630/173136.293:ERROR:process_memory_win.cc(73)] ReadMemory at 0x7ff8d8c50000 of 64 bytes failed: Only part of a ReadProcessMemory or WriteProcessMemory request was completed. (0x12B)
[0630/173136.293:WARNING:pe_image_reader.cc(340)] could not read dos header from C:\WINDOWS\System32\NSI.dll
[0630/173136.293:ERROR:process_memory_win.cc(73)] ReadMemory at 0x7ff8d4fb0000 of 64 bytes failed: Only part of a ReadProcessMemory or WriteProcessMemory request was completed. (0x12B)
[0630/173136.293:WARNING:pe_image_reader.cc(340)] could not read dos header from C:\WINDOWS\SYSTEM32\WINMMBASE.dll
[0630/173136.293:ERROR:process_memory_win.cc(73)] ReadMemory at 0x7ff8d7bc0000 of 64 bytes failed: Only part of a ReadProcessMemory or WriteProcessMemory request was completed. (0x12B)
[0630/173136.293:WARNING:pe_image_reader.cc(340)] could not read dos header from C:\WINDOWS\System32\cfgmgr32.dll
[0630/173136.293:ERROR:process_memory_win.cc(73)] ReadMemory at 0x7ff8d3dc0000 of 64 bytes failed: Only part of a ReadProcessMemory or WriteProcessMemory request was completed. (0x12B)
[0630/173136.293:WARNING:pe_image_reader.cc(340)] could not read dos header from C:\WINDOWS\SYSTEM32\PROPSYS.dll
[0630/173136.293:ERROR:process_memory_win.cc(73)] ReadMemory at 0x7ff8d96c0000 of 64 bytes failed: Only part of a ReadProcessMemory or WriteProcessMemory request was completed. (0x12B)
[0630/173136.293:WARNING:pe_image_reader.cc(340)] could not read dos header from C:\WINDOWS\System32\shcore.dll
[0630/173136.293:ERROR:process_memory_win.cc(73)] ReadMemory at 0x7ff8d7710000 of 64 bytes failed: Only part of a ReadProcessMemory or WriteProcessMemory request was completed. (0x12B)
[0630/173136.293:WARNING:pe_image_reader.cc(340)] could not read dos header from C:\WINDOWS\SYSTEM32\SSPICLI.DLL
[0630/173136.293:ERROR:process_memory_win.cc(73)] ReadMemory at 0x7ff8d7160000 of 64 bytes failed: Only part of a ReadProcessMemory or WriteProcessMemory request was completed. (0x12B)
[0630/173136.293:WARNING:pe_image_reader.cc(340)] could not read dos header from C:\WINDOWS\SYSTEM32\CRYPTBASE.DLL
[0630/173136.293:ERROR:process_memory_win.cc(73)] ReadMemory at 0x7ff786fc0000 of 64 bytes failed: Only part of a ReadProcessMemory or WriteProcessMemory request was completed. (0x12B)
[0630/173136.293:WARNING:pe_image_reader.cc(340)] could not read dos header from C:\Program Files (x86)\Google\Chrome\Application\chrome.exe
[0630/173136.293:ERROR:process_memory_win.cc(73)] ReadMemory at 0x7ff8da960000 of 64 bytes failed: Only part of a ReadProcessMemory or WriteProcessMemory request was completed. (0x12B)
[0630/173136.293:WARNING:pe_image_reader.cc(340)] could not read dos header from C:\WINDOWS\SYSTEM32\ntdll.dll
[0630/173136.293:ERROR:process_memory_win.cc(73)] ReadMemory at 0x7ff8da6c0000 of 64 bytes failed: Only part of a ReadProcessMemory or WriteProcessMemory request was completed. (0x12B)
[0630/173136.293:WARNING:pe_image_reader.cc(340)] could not read dos header from C:\WINDOWS\System32\KERNEL32.DLL
[0630/173136.293:ERROR:process_memory_win.cc(73)] ReadMemory at 0x7ff8d7d20000 of 64 bytes failed: Only part of a ReadProcessMemory or WriteProcessMemory request was completed. (0x12B)
[0630/173136.293:WARNING:pe_image_reader.cc(340)] could not read dos header from C:\WINDOWS\System32\KERNELBASE.dll
[0630/173136.293:ERROR:process_memory_win.cc(73)] ReadMemory at 0x7ff892e30000 of 64 bytes failed: Only part of a ReadProcessMemory or WriteProcessMemory request was completed. (0x12B)
[0630/173136.293:WARNING:pe_image_reader.cc(340)] could not read dos header from C:\Program Files (x86)\Google\Chrome\Application\83.0.4103.116\chrome_elf.dll
[0630/173136.293:ERROR:process_memory_win.cc(73)] ReadMemory at 0x7ff8cb3a0000 of 64 bytes failed: Only part of a ReadProcessMemory or WriteProcessMemory request was completed. (0x12B)
[0630/173136.293:WARNING:pe_image_reader.cc(340)] could not read dos header from C:\WINDOWS\SYSTEM32\VERSION.dll
[0630/173136.293:ERROR:process_memory_win.cc(73)] ReadMemory at 0x7ff8d8a10000 of 64 bytes failed: Only part of a ReadProcessMemory or WriteProcessMemory request was completed. (0x12B)
[0630/173136.293:WARNING:pe_image_reader.cc(340)] could not read dos header from C:\WINDOWS\System32\msvcrt.dll
[0630/173136.293:ERROR:process_memory_win.cc(73)] ReadMemory at 0x7ff8d7b40000 of 64 bytes failed: Only part of a ReadProcessMemory or WriteProcessMemory request was completed. (0x12B)
[0630/173136.294:WARNING:pe_image_reader.cc(340)] could not read dos header from C:\WINDOWS\System32\bcryptPrimitives.dll
[0630/173136.294:ERROR:process_memory_win.cc(73)] ReadMemory at 0x7ff8d9610000 of 64 bytes failed: Only part of a ReadProcessMemory or WriteProcessMemory request was completed. (0x12B)
[0630/173136.294:WARNING:pe_image_reader.cc(340)] could not read dos header from C:\WINDOWS\System32\ADVAPI32.dll
[0630/173136.294:ERROR:process_memory_win.cc(73)] ReadMemory at 0x7ff8d9570000 of 64 bytes failed: Only part of a ReadProcessMemory or WriteProcessMemory request was completed. (0x12B)
[0630/173136.294:WARNING:pe_image_reader.cc(340)] could not read dos header from C:\WINDOWS\System32\sechost.dll
[0630/173136.294:ERROR:process_memory_win.cc(73)] ReadMemory at 0x7ff8da800000 of 64 bytes failed: Only part of a ReadProcessMemory or WriteProcessMemory request was completed. (0x12B)
[0630/173136.294:WARNING:pe_image_reader.cc(340)] could not read dos header from C:\WINDOWS\System32\RPCRT4.dll
[0630/173136.294:ERROR:process_memory_win.cc(73)] ReadMemory at 0x7ff866420000 of 64 bytes failed: Only part of a ReadProcessMemory or WriteProcessMemory request was completed. (0x12B)
[0630/173136.294:WARNING:pe_image_reader.cc(340)] could not read dos header from C:\Program Files (x86)\Google\Chrome\Application\83.0.4103.116\chrome.dll
[0630/173136.294:ERROR:process_memory_win.cc(73)] ReadMemory at 0x7ff8d92d0000 of 64 bytes failed: Only part of a ReadProcessMemory or WriteProcessMemory request was completed. (0x12B)
[0630/173136.294:WARNING:pe_image_reader.cc(340)] could not read dos header from C:\WINDOWS\System32\WS2_32.dll
[0630/173136.294:ERROR:process_memory_win.cc(73)] ReadMemory at 0x7ff8d99e0000 of 64 bytes failed: Only part of a ReadProcessMemory or WriteProcessMemory request was completed. (0x12B)
[0630/173136.294:WARNING:pe_image_reader.cc(340)] could not read dos header from C:\WINDOWS\System32\OLEAUT32.dll
[0630/173136.294:ERROR:process_memory_win.cc(73)] ReadMemory at 0x7ff8d8910000 of 64 bytes failed: Only part of a ReadProcessMemory or WriteProcessMemory request was completed. (0x12B)
[0630/173136.294:WARNING:pe_image_reader.cc(340)] could not read dos header from C:\WINDOWS\System32\msvcp_win.dll
[0630/173136.295:ERROR:process_memory_win.cc(73)] ReadMemory at 0x7ff8d78f0000 of 64 bytes failed: Only part of a ReadProcessMemory or WriteProcessMemory request was completed. (0x12B)
[0630/173136.295:WARNING:pe_image_reader.cc(340)] could not read dos header from C:\WINDOWS\System32\ucrtbase.dll
[0630/173136.295:ERROR:process_memory_win.cc(73)] ReadMemory at 0x7ff8d9ac0000 of 64 bytes failed: Only part of a ReadProcessMemory or WriteProcessMemory request was completed. (0x12B)
[0630/173136.295:WARNING:pe_image_reader.cc(340)] could not read dos header from C:\WINDOWS\System32\combase.dll
[0630/173136.295:ERROR:process_memory_win.cc(73)] ReadMemory at 0x7ff8d7c10000 of 64 bytes failed: Only part of a ReadProcessMemory or WriteProcessMemory request was completed. (0x12B)
[0630/173136.295:WARNING:pe_image_reader.cc(340)] could not read dos header from C:\WINDOWS\System32\WINTRUST.dll
[0630/173136.295:ERROR:process_memory_win.cc(73)] ReadMemory at 0x7ff8d7830000 of 64 bytes failed: Only part of a ReadProcessMemory or WriteProcessMemory request was completed. (0x12B)
[0630/173136.295:WARNING:pe_image_reader.cc(340)] could not read dos header from C:\WINDOWS\System32\MSASN1.dll
[0630/173136.295:ERROR:process_memory_win.cc(73)] ReadMemory at 0x7ff8d79f0000 of 64 bytes failed: Only part of a ReadProcessMemory or WriteProcessMemory request was completed. (0x12B)
[0630/173136.295:WARNING:pe_image_reader.cc(340)] could not read dos header from C:\WINDOWS\System32\CRYPT32.dll
[0630/173136.295:ERROR:process_memory_win.cc(73)] ReadMemory at 0x7ff8d6d00000 of 64 bytes failed: Only part of a ReadProcessMemory or WriteProcessMemory request was completed. (0x12B)
[0630/173136.295:WARNING:pe_image_reader.cc(340)] could not read dos header from C:\WINDOWS\SYSTEM32\IPHLPAPI.DLL
[0630/173136.295:ERROR:process_memory_win.cc(73)] ReadMemory at 0x7ff8d4fe0000 of 64 bytes failed: Only part of a ReadProcessMemory or WriteProcessMemory request was completed. (0x12B)
[0630/173136.295:WARNING:pe_image_reader.cc(340)] could not read dos header from C:\WINDOWS\SYSTEM32\WINMM.dll
[0630/173136.295:ERROR:process_memory_win.cc(73)] ReadMemory at 0x7ff8bc240000 of 64 bytes failed: Only part of a ReadProcessMemory or WriteProcessMemory request was completed. (0x12B)
[0630/173136.295:WARNING:pe_image_reader.cc(340)] could not read dos header from C:\WINDOWS\SYSTEM32\Secur32.dll
[0630/173136.295:ERROR:process_memory_win.cc(73)] ReadMemory at 0x7ff8d7740000 of 64 bytes failed: Only part of a ReadProcessMemory or WriteProcessMemory request was completed. (0x12B)
[0630/173136.295:WARNING:pe_image_reader.cc(340)] could not read dos header from C:\WINDOWS\SYSTEM32\USERENV.dll
[0630/173136.295:ERROR:process_memory_win.cc(73)] ReadMemory at 0x7ff8d7870000 of 64 bytes failed: Only part of a ReadProcessMemory or WriteProcessMemory request was completed. (0x12B)
[0630/173136.295:WARNING:pe_image_reader.cc(340)] could not read dos header from C:\WINDOWS\System32\profapi.dll
[0630/173136.295:ERROR:process_memory_win.cc(73)] ReadMemory at 0x7ff8abea0000 of 64 bytes failed: Only part of a ReadProcessMemory or WriteProcessMemory request was completed. (0x12B)
[0630/173136.295:WARNING:pe_image_reader.cc(340)] could not read dos header from C:\WINDOWS\SYSTEM32\UIAutomationCore.DLL
[0630/173136.295:ERROR:process_memory_win.cc(73)] ReadMemory at 0x7ff8b7e80000 of 64 bytes failed: Only part of a ReadProcessMemory or WriteProcessMemory request was completed. (0x12B)
[0630/173136.295:WARNING:pe_image_reader.cc(340)] could not read dos header from C:\WINDOWS\SYSTEM32\DWrite.dll
[0630/173136.295:ERROR:process_memory_win.cc(73)] ReadMemory at 0x7ff8cb090000 of 64 bytes failed: Only part of a ReadProcessMemory or WriteProcessMemory request was completed. (0x12B)
[0630/173136.295:WARNING:pe_image_reader.cc(340)] could not read dos header from C:\WINDOWS\SYSTEM32\WINSPOOL.DRV
[0630/173136.295:ERROR:process_memory_win.cc(73)] ReadMemory at 0x7ff8d7850000 of 64 bytes failed: Only part of a ReadProcessMemory or WriteProcessMemory request was completed. (0x12B)
[0630/173136.295:WARNING:pe_image_reader.cc(340)] could not read dos header from C:\WINDOWS\System32\kernel.appcore.dll
[0630/173136.295:ERROR:process_memory_win.cc(73)] ReadMemory at 0x7ff8d89b0000 of 64 bytes failed: Only part of a ReadProcessMemory or WriteProcessMemory request was completed. (0x12B)
[0630/173136.295:WARNING:pe_image_reader.cc(340)] could not read dos header from C:\WINDOWS\System32\bcrypt.dll
[0630/173136.295:ERROR:process_memory_win.cc(73)] ReadMemory at 0x7ff8d60c0000 of 64 bytes failed: Only part of a ReadProcessMemory or WriteProcessMemory request was completed. (0x12B)
[0630/173136.295:WARNING:pe_image_reader.cc(340)] could not read dos header from C:\WINDOWS\SYSTEM32\dbghelp.dll
[0630/173136.295:ERROR:process_memory_win.cc(73)] ReadMemory at 0x7ff8c7b80000 of 64 bytes failed: Only part of a ReadProcessMemory or WriteProcessMemory request was completed. (0x12B)
[0630/173136.295:WARNING:pe_image_reader.cc(340)] could not read dos header from C:\WINDOWS\SYSTEM32\WINHTTP.dll
[0630/173136.295:ERROR:process_memory_win.cc(73)] ReadMemory at 0x7ff8cae50000 of 64 bytes failed: Only part of a ReadProcessMemory or WriteProcessMemory request was completed. (0x12B)
[0630/173136.295:WARNING:pe_image_reader.cc(340)] could not read dos header from C:\WINDOWS\SYSTEM32\dhcpcsvc.DLL
[0630/173136.295:ERROR:process_memory_win.cc(73)] ReadMemory at 0x7ff8d8c50000 of 64 bytes failed: Only part of a ReadProcessMemory or WriteProcessMemory request was completed. (0x12B)
[0630/173136.295:WARNING:pe_image_reader.cc(340)] could not read dos header from C:\WINDOWS\System32\NSI.dll
[0630/173136.295:ERROR:process_memory_win.cc(73)] ReadMemory at 0x7ff8d4fb0000 of 64 bytes failed: Only part of a ReadProcessMemory or WriteProcessMemory request was completed. (0x12B)
[0630/173136.295:WARNING:pe_image_reader.cc(340)] could not read dos header from C:\WINDOWS\SYSTEM32\WINMMBASE.dll
[0630/173136.295:ERROR:process_memory_win.cc(73)] ReadMemory at 0x7ff8d7bc0000 of 64 bytes failed: Only part of a ReadProcessMemory or WriteProcessMemory request was completed. (0x12B)
[0630/173136.295:WARNING:pe_image_reader.cc(340)] could not read dos header from C:\WINDOWS\System32\cfgmgr32.dll
[0630/173136.295:ERROR:process_memory_win.cc(73)] ReadMemory at 0x7ff8d3dc0000 of 64 bytes failed: Only part of a ReadProcessMemory or WriteProcessMemory request was completed. (0x12B)
[0630/173136.295:WARNING:pe_image_reader.cc(340)] could not read dos header from C:\WINDOWS\SYSTEM32\PROPSYS.dll
[0630/173136.296:ERROR:process_memory_win.cc(73)] ReadMemory at 0x7ff8d96c0000 of 64 bytes failed: Only part of a ReadProcessMemory or WriteProcessMemory request was completed. (0x12B)
[0630/173136.296:WARNING:pe_image_reader.cc(340)] could not read dos header from C:\WINDOWS\System32\shcore.dll
[0630/173136.296:ERROR:process_memory_win.cc(73)] ReadMemory at 0x7ff8d7710000 of 64 bytes failed: Only part of a ReadProcessMemory or WriteProcessMemory request was completed. (0x12B)
[0630/173136.296:WARNING:pe_image_reader.cc(340)] could not read dos header from C:\WINDOWS\SYSTEM32\SSPICLI.DLL
[0630/173136.296:ERROR:process_memory_win.cc(73)] ReadMemory at 0x7ff8d7160000 of 64 bytes failed: Only part of a ReadProcessMemory or WriteProcessMemory request was completed. (0x12B)
[0630/173136.296:WARNING:pe_image_reader.cc(340)] could not read dos header from C:\WINDOWS\SYSTEM32\CRYPTBASE.DLL
[0630/173136.301:ERROR:process_memory_win.cc(73)] ReadMemory at 0xef39bf9000 of 28672 bytes failed: Only part of a ReadProcessMemory or WriteProcessMemory request was completed. (0x12B)
[0630/173136.302:ERROR:process_memory_win.cc(73)] ReadMemory at 0xef3a3fd000 of 12288 bytes failed: Only part of a ReadProcessMemory or WriteProcessMemory request was completed. (0x12B)
[0630/173136.302:ERROR:process_memory_win.cc(73)] ReadMemory at 0xef3abfd000 of 12288 bytes failed: Only part of a ReadProcessMemory or WriteProcessMemory request was completed. (0x12B)
[0630/173136.302:ERROR:process_memory_win.cc(73)] ReadMemory at 0xef3b3fc000 of 16384 bytes failed: Only part of a ReadProcessMemory or WriteProcessMemory request was completed. (0x12B)
[0630/173136.302:ERROR:process_memory_win.cc(73)] ReadMemory at 0xef3bbfb000 of 20480 bytes failed: Only part of a ReadProcessMemory or WriteProcessMemory request was completed. (0x12B)
[0630/173136.302:ERROR:process_memory_win.cc(73)] ReadMemory at 0xef3c3fe000 of 8192 bytes failed: Only part of a ReadProcessMemory or WriteProcessMemory request was completed. (0x12B)
[0630/173136.302:ERROR:process_memory_win.cc(73)] ReadMemory at 0xef3cbfd000 of 12288 bytes failed: Only part of a ReadProcessMemory or WriteProcessMemory request was completed. (0x12B)
[0630/173136.302:ERROR:process_memory_win.cc(73)] ReadMemory at 0xef3d3fd000 of 12288 bytes failed: Only part of a ReadProcessMemory or WriteProcessMemory request was completed. (0x12B)
[0630/173136.302:ERROR:process_memory_win.cc(73)] ReadMemory at 0xef3dbfd000 of 12288 bytes failed: Only part of a ReadProcessMemory or WriteProcessMemory request was completed. (0x12B)
[0630/173136.302:ERROR:process_memory_win.cc(73)] ReadMemory at 0xef3e3fd000 of 12288 bytes failed: Only part of a ReadProcessMemory or WriteProcessMemory request was completed. (0x12B)
[0630/173136.302:ERROR:process_memory_win.cc(73)] ReadMemory at 0xef3ebfd000 of 12288 bytes failed: Only part of a ReadProcessMemory or WriteProcessMemory request was completed. (0x12B)
[0630/173136.302:ERROR:process_memory_win.cc(73)] ReadMemory at 0xef3f3fd000 of 12288 bytes failed: Only part of a ReadProcessMemory or WriteProcessMemory request was completed. (0x12B)
[0630/173136.302:ERROR:process_memory_win.cc(73)] ReadMemory at 0xef3fbfd000 of 12288 bytes failed: Only part of a ReadProcessMemory or WriteProcessMemory request was completed. (0x12B)
[0630/173136.302:ERROR:process_memory_win.cc(73)] ReadMemory at 0xef403fe000 of 8192 bytes failed: Only part of a ReadProcessMemory or WriteProcessMemory request was completed. (0x12B)
[0630/173136.303:ERROR:process_memory_win.cc(73)] ReadMemory at 0xef39344000 of 852 bytes failed: Only part of a ReadProcessMemory or WriteProcessMemory request was completed. (0x12B)
[0630/173136.303:ERROR:process_memory_win.cc(73)] ReadMemory at 0xef39345000 of 6024 bytes failed: Only part of a ReadProcessMemory or WriteProcessMemory request was completed. (0x12B)
[0630/173136.303:ERROR:process_memory_win.cc(73)] ReadMemory at 0xef39347000 of 6024 bytes failed: Only part of a ReadProcessMemory or WriteProcessMemory request was completed. (0x12B)
[0630/173136.303:ERROR:process_memory_win.cc(73)] ReadMemory at 0xef39349000 of 6024 bytes failed: Only part of a ReadProcessMemory or WriteProcessMemory request was completed. (0x12B)
[0630/173136.303:ERROR:process_memory_win.cc(73)] ReadMemory at 0xef3934b000 of 6024 bytes failed: Only part of a ReadProcessMemory or WriteProcessMemory request was completed. (0x12B)
[0630/173136.304:ERROR:process_memory_win.cc(73)] ReadMemory at 0xef3934d000 of 6024 bytes failed: Only part of a ReadProcessMemory or WriteProcessMemory request was completed. (0x12B)
[0630/173136.304:ERROR:process_memory_win.cc(73)] ReadMemory at 0xef3934f000 of 6024 bytes failed: Only part of a ReadProcessMemory or WriteProcessMemory request was completed. (0x12B)
[0630/173136.304:ERROR:process_memory_win.cc(73)] ReadMemory at 0xef39351000 of 6024 bytes failed: Only part of a ReadProcessMemory or WriteProcessMemory request was completed. (0x12B)
[0630/173136.304:ERROR:process_memory_win.cc(73)] ReadMemory at 0xef39353000 of 6024 bytes failed: Only part of a ReadProcessMemory or WriteProcessMemory request was completed. (0x12B)
[0630/173136.305:ERROR:process_memory_win.cc(73)] ReadMemory at 0xef39355000 of 6024 bytes failed: Only part of a ReadProcessMemory or WriteProcessMemory request was completed. (0x12B)
[0630/173136.305:ERROR:process_memory_win.cc(73)] ReadMemory at 0xef39357000 of 6024 bytes failed: Only part of a ReadProcessMemory or WriteProcessMemory request was completed. (0x12B)
[0630/173136.305:ERROR:process_memory_win.cc(73)] ReadMemory at 0xef39359000 of 6024 bytes failed: Only part of a ReadProcessMemory or WriteProcessMemory request was completed. (0x12B)
[0630/173136.305:ERROR:process_memory_win.cc(73)] ReadMemory at 0xef3935b000 of 6024 bytes failed: Only part of a ReadProcessMemory or WriteProcessMemory request was completed. (0x12B)
[0630/173136.305:ERROR:process_memory_win.cc(73)] ReadMemory at 0xef3935d000 of 6024 bytes failed: Only part of a ReadProcessMemory or WriteProcessMemory request was completed. (0x12B)
[0630/173136.305:ERROR:process_memory_win.cc(73)] ReadMemory at 0xef3935f000 of 6024 bytes failed: Only part of a ReadProcessMemory or WriteProcessMemory request was completed. (0x12B)
[0630/173136.305:ERROR:process_memory_win.cc(73)] ReadMemory at 0x1f2f6fd0750 of 80 bytes failed: Only part of a ReadProcessMemory or WriteProcessMemory request was completed. (0x12B)
[0630/173136.305:ERROR:process_memory_win.cc(73)] ReadMemory at 0x1f2f6fd0fe0 of 5790 bytes failed: Only part of a ReadProcessMemory or WriteProcessMemory request was completed. (0x12B)
[0630/173136.306:ERROR:process_memory_win.cc(73)] ReadMemory at 0x1f2f6fd2690 of 1012 bytes failed: Only part of a ReadProcessMemory or WriteProcessMemory request was completed. (0x12B)
[0630/173136.306:ERROR:process_memory_win.cc(73)] ReadMemory at 0x1f2f6fd2cd8 of 118 bytes failed: Only part of a ReadProcessMemory or WriteProcessMemory request was completed. (0x12B)
[0630/173136.306:ERROR:process_memory_win.cc(73)] ReadMemory at 0x1f2f6fd2d50 of 756 bytes failed: Only part of a ReadProcessMemory or WriteProcessMemory request was completed. (0x12B)
[0630/173136.306:ERROR:process_memory_win.cc(73)] ReadMemory at 0x1f2f6fd3046 of 118 bytes failed: Only part of a ReadProcessMemory or WriteProcessMemory request was completed. (0x12B)
[0630/173136.306:ERROR:process_memory_win.cc(73)] ReadMemory at 0x1f2f6fd30be of 100 bytes failed: Only part of a ReadProcessMemory or WriteProcessMemory request was completed. (0x12B)
[0630/173136.306:ERROR:process_memory_win.cc(73)] ReadMemory at 0x1f2f6fd3130 of 58 bytes failed: Only part of a ReadProcessMemory or WriteProcessMemory request was completed. (0x12B)
[0630/173136.306:ERROR:process_memory_win.cc(73)] ReadMemory at 0x1f2f6fd3230 of 132 bytes failed: Only part of a ReadProcessMemory or WriteProcessMemory request was completed. (0x12B)
[0630/173136.306:ERROR:process_memory_win.cc(73)] ReadMemory at 0x1f2f6fd33c0 of 132 bytes failed: Only part of a ReadProcessMemory or WriteProcessMemory request was completed. (0x12B)
[0630/173136.306:ERROR:process_memory_win.cc(73)] ReadMemory at 0x1f2f6fd3580 of 126 bytes failed: Only part of a ReadProcessMemory or WriteProcessMemory request was completed. (0x12B)
[0630/173136.306:ERROR:process_memory_win.cc(73)] ReadMemory at 0x1f2f6fd3960 of 132 bytes failed: Only part of a ReadProcessMemory or WriteProcessMemory request was completed. (0x12B)
[0630/173136.307:ERROR:process_memory_win.cc(73)] ReadMemory at 0x1f2f6fd3af0 of 64 bytes failed: Only part of a ReadProcessMemory or WriteProcessMemory request was completed. (0x12B)
[0630/173136.307:ERROR:process_memory_win.cc(73)] ReadMemory at 0x1f2f6fd3b40 of 132 bytes failed: Only part of a ReadProcessMemory or WriteProcessMemory request was completed. (0x12B)
[0630/173136.307:ERROR:process_memory_win.cc(73)] ReadMemory at 0x1f2f6fd3cb0 of 132 bytes failed: Only part of a ReadProcessMemory or WriteProcessMemory request was completed. (0x12B)
[0630/173136.307:ERROR:process_memory_win.cc(73)] ReadMemory at 0x1f2f6fd3f50 of 132 bytes failed: Only part of a ReadProcessMemory or WriteProcessMemory request was completed. (0x12B)
[0630/173136.307:ERROR:process_memory_win.cc(73)] ReadMemory at 0x1f2f6fd40e0 of 68 bytes failed: Only part of a ReadProcessMemory or WriteProcessMemory request was completed. (0x12B)
[0630/173136.307:ERROR:process_memory_win.cc(73)] ReadMemory at 0x1f2f6fd51c0 of 132 bytes failed: Only part of a ReadProcessMemory or WriteProcessMemory request was completed. (0x12B)
[0630/173136.307:ERROR:process_memory_win.cc(73)] ReadMemory at 0x1f2f6fd5350 of 154 bytes failed: Only part of a ReadProcessMemory or WriteProcessMemory request was completed. (0x12B)
[0630/173136.307:ERROR:process_memory_win.cc(73)] ReadMemory at 0x1f2f6fd5f40 of 132 bytes failed: Only part of a ReadProcessMemory or WriteProcessMemory request was completed. (0x12B)
[0630/173136.307:ERROR:process_memory_win.cc(73)] ReadMemory at 0x1f2f6fd6140 of 62 bytes failed: Only part of a ReadProcessMemory or WriteProcessMemory request was completed. (0x12B)
[0630/173136.307:ERROR:process_memory_win.cc(73)] ReadMemory at 0x1f2f6fd6330 of 132 bytes failed: Only part of a ReadProcessMemory or WriteProcessMemory request was completed. (0x12B)
[0630/173136.307:ERROR:process_memory_win.cc(73)] ReadMemory at 0x1f2f6fd6460 of 60 bytes failed: Only part of a ReadProcessMemory or WriteProcessMemory request was completed. (0x12B)
[0630/173136.308:ERROR:process_memory_win.cc(73)] ReadMemory at 0x1f2f6fd8180 of 132 bytes failed: Only part of a ReadProcessMemory or WriteProcessMemory request was completed. (0x12B)
[0630/173136.308:ERROR:process_memory_win.cc(73)] ReadMemory at 0x1f2f6fd83a0 of 132 bytes failed: Only part of a ReadProcessMemory or WriteProcessMemory request was completed. (0x12B)
[0630/173136.308:ERROR:process_memory_win.cc(73)] ReadMemory at 0x1f2f6fd8700 of 132 bytes failed: Only part of a ReadProcessMemory or WriteProcessMemory request was completed. (0x12B)
[0630/173136.308:ERROR:process_memory_win.cc(73)] ReadMemory at 0x1f2f6fd8a00 of 132 bytes failed: Only part of a ReadProcessMemory or WriteProcessMemory request was completed. (0x12B)
[0630/173136.308:ERROR:process_memory_win.cc(73)] ReadMemory at 0x1f2f6fdb9a0 of 60 bytes failed: Only part of a ReadProcessMemory or WriteProcessMemory request was completed. (0x12B)
[0630/173136.308:ERROR:process_memory_win.cc(73)] ReadMemory at 0x1f2f6fdb9f0 of 60 bytes failed: Only part of a ReadProcessMemory or WriteProcessMemory request was completed. (0x12B)
[0630/173136.308:ERROR:process_memory_win.cc(73)] ReadMemory at 0x1f2f6fdba40 of 62 bytes failed: Only part of a ReadProcessMemory or WriteProcessMemory request was completed. (0x12B)
[0630/173136.308:ERROR:process_memory_win.cc(73)] ReadMemory at 0x1f2f6fdbb30 of 62 bytes failed: Only part of a ReadProcessMemory or WriteProcessMemory request was completed. (0x12B)
[0630/173136.308:ERROR:process_memory_win.cc(73)] ReadMemory at 0x1f2f6fdbbd0 of 64 bytes failed: Only part of a ReadProcessMemory or WriteProcessMemory request was completed. (0x12B)
[0630/173136.308:ERROR:process_memory_win.cc(73)] ReadMemory at 0x1f2f6fdbc20 of 66 bytes failed: Only part of a ReadProcessMemory or WriteProcessMemory request was completed. (0x12B)
[0630/173136.308:ERROR:process_memory_win.cc(73)] ReadMemory at 0x1f2f6fdbc70 of 64 bytes failed: Only part of a ReadProcessMemory or WriteProcessMemory request was completed. (0x12B)
[0630/173136.308:ERROR:process_memory_win.cc(73)] ReadMemory at 0x1f2f6fdbcc0 of 64 bytes failed: Only part of a ReadProcessMemory or WriteProcessMemory request was completed. (0x12B)
[0630/173136.308:ERROR:process_memory_win.cc(73)] ReadMemory at 0x1f2f6fdbdb0 of 64 bytes failed: Only part of a ReadProcessMemory or WriteProcessMemory request was completed. (0x12B)
[0630/173136.308:ERROR:process_memory_win.cc(73)] ReadMemory at 0x1f2f6fdc8f0 of 80 bytes failed: Only part of a ReadProcessMemory or WriteProcessMemory request was completed. (0x12B)
[0630/173136.308:ERROR:process_memory_win.cc(73)] ReadMemory at 0x1f2f6fdd130 of 76 bytes failed: Only part of a ReadProcessMemory or WriteProcessMemory request was completed. (0x12B)
[0630/173136.308:ERROR:process_memory_win.cc(73)] ReadMemory at 0x1f2f6fdf330 of 54 bytes failed: Only part of a ReadProcessMemory or WriteProcessMemory request was completed. (0x12B)
[0630/173136.309:ERROR:process_memory_win.cc(73)] ReadMemory at 0x1f2f6fdf910 of 132 bytes failed: Only part of a ReadProcessMemory or WriteProcessMemory request was completed. (0x12B)
[0630/173136.309:ERROR:process_memory_win.cc(73)] ReadMemory at 0x1f2f6fe0830 of 132 bytes failed: Only part of a ReadProcessMemory or WriteProcessMemory request was completed. (0x12B)
[0630/173136.309:ERROR:process_memory_win.cc(73)] ReadMemory at 0x1f2f6fe0960 of 146 bytes failed: Only part of a ReadProcessMemory or WriteProcessMemory request was completed. (0x12B)
[0630/173136.309:ERROR:process_memory_win.cc(73)] ReadMemory at 0x1f2f6fe26f0 of 132 bytes failed: Only part of a ReadProcessMemory or WriteProcessMemory request was completed. (0x12B)
[0630/173136.309:ERROR:process_memory_win.cc(73)] ReadMemory at 0x1f2f6fe4c70 of 132 bytes failed: Only part of a ReadProcessMemory or WriteProcessMemory request was completed. (0x12B)
[0630/173136.309:ERROR:process_memory_win.cc(73)] ReadMemory at 0x1f2f6fe4ed0 of 132 bytes failed: Only part of a ReadProcessMemory or WriteProcessMemory request was completed. (0x12B)
[0630/173136.309:ERROR:process_memory_win.cc(73)] ReadMemory at 0x1f2f6fe5130 of 132 bytes failed: Only part of a ReadProcessMemory or WriteProcessMemory request was completed. (0x12B)
[0630/173136.309:ERROR:process_memory_win.cc(73)] ReadMemory at 0x1f2f6fe5260 of 132 bytes failed: Only part of a ReadProcessMemory or WriteProcessMemory request was completed. (0x12B)
[0630/173136.309:ERROR:process_memory_win.cc(73)] ReadMemory at 0x1f2f6fe5390 of 132 bytes failed: Only part of a ReadProcessMemory or WriteProcessMemory request was completed. (0x12B)
[0630/173136.309:ERROR:process_memory_win.cc(73)] ReadMemory at 0x1f2f6fe54c0 of 132 bytes failed: Only part of a ReadProcessMemory or WriteProcessMemory request was completed. (0x12B)
[0630/173136.309:ERROR:process_memory_win.cc(73)] ReadMemory at 0x1f2f6fe55f0 of 132 bytes failed: Only part of a ReadProcessMemory or WriteProcessMemory request was completed. (0x12B)
[0630/173136.309:ERROR:process_memory_win.cc(73)] ReadMemory at 0x1f2f6fe5720 of 132 bytes failed: Only part of a ReadProcessMemory or WriteProcessMemory request was completed. (0x12B)
[0630/173136.309:ERROR:process_memory_win.cc(73)] ReadMemory at 0x1f2f6fe5850 of 132 bytes failed: Only part of a ReadProcessMemory or WriteProcessMemory request was completed. (0x12B)
[0630/173136.310:ERROR:process_memory_win.cc(73)] ReadMemory at 0x1f2f6fe5980 of 132 bytes failed: Only part of a ReadProcessMemory or WriteProcessMemory request was completed. (0x12B)
[0630/173136.310:ERROR:process_memory_win.cc(73)] ReadMemory at 0x1f2f6fe5ab0 of 132 bytes failed: Only part of a ReadProcessMemory or WriteProcessMemory request was completed. (0x12B)
[0630/173136.310:ERROR:process_memory_win.cc(73)] ReadMemory at 0x1f2f6fe5be0 of 132 bytes failed: Only part of a ReadProcessMemory or WriteProcessMemory request was completed. (0x12B)
[0630/173136.310:ERROR:process_memory_win.cc(73)] ReadMemory at 0x1f2f6fe5d10 of 132 bytes failed: Only part of a ReadProcessMemory or WriteProcessMemory request was completed. (0x12B)
[0630/173136.310:ERROR:process_memory_win.cc(73)] ReadMemory at 0x1f2f6fe5fc0 of 64 bytes failed: Only part of a ReadProcessMemory or WriteProcessMemory request was completed. (0x12B)
[0630/173136.310:ERROR:process_memory_win.cc(73)] ReadMemory at 0x1f2f6fe6060 of 62 bytes failed: Only part of a ReadProcessMemory or WriteProcessMemory request was completed. (0x12B)
[0630/173136.310:ERROR:process_memory_win.cc(73)] ReadMemory at 0x1f2f6fe60b0 of 60 bytes failed: Only part of a ReadProcessMemory or WriteProcessMemory request was completed. (0x12B)
[0630/173136.310:ERROR:process_memory_win.cc(73)] ReadMemory at 0x1f2f6fe6100 of 64 bytes failed: Only part of a ReadProcessMemory or WriteProcessMemory request was completed. (0x12B)
[0630/173136.310:ERROR:process_memory_win.cc(73)] ReadMemory at 0x1f2f6fe6290 of 62 bytes failed: Only part of a ReadProcessMemory or WriteProcessMemory request was completed. (0x12B)
[0630/173136.310:ERROR:process_memory_win.cc(73)] ReadMemory at 0x1f2f6fe62e0 of 60 bytes failed: Only part of a ReadProcessMemory or WriteProcessMemory request was completed. (0x12B)
[0630/173136.310:ERROR:process_memory_win.cc(73)] ReadMemory at 0x1f2f6fe6470 of 62 bytes failed: Only part of a ReadProcessMemory or WriteProcessMemory request was completed. (0x12B)
[0630/173136.311:ERROR:process_memory_win.cc(73)] ReadMemory at 0x1f2f6fe64c0 of 64 bytes failed: Only part of a ReadProcessMemory or WriteProcessMemory request was completed. (0x12B)
[0630/173136.311:ERROR:process_memory_win.cc(73)] ReadMemory at 0x1f2f6fe6510 of 62 bytes failed: Only part of a ReadProcessMemory or WriteProcessMemory request was completed. (0x12B)
[0630/173136.311:ERROR:process_memory_win.cc(73)] ReadMemory at 0x1f2f6fe6560 of 64 bytes failed: Only part of a ReadProcessMemory or WriteProcessMemory request was completed. (0x12B)
[0630/173136.311:ERROR:process_memory_win.cc(73)] ReadMemory at 0x1f2f6fe6600 of 62 bytes failed: Only part of a ReadProcessMemory or WriteProcessMemory request was completed. (0x12B)
[0630/173136.311:ERROR:process_memory_win.cc(73)] ReadMemory at 0x1f2f6fe6650 of 62 bytes failed: Only part of a ReadProcessMemory or WriteProcessMemory request was completed. (0x12B)
[0630/173136.311:ERROR:process_memory_win.cc(73)] ReadMemory at 0x1f2f6fe66f0 of 62 bytes failed: Only part of a ReadProcessMemory or WriteProcessMemory request was completed. (0x12B)
[0630/173136.311:ERROR:process_memory_win.cc(73)] ReadMemory at 0x1f2f6fe6740 of 66 bytes failed: Only part of a ReadProcessMemory or WriteProcessMemory request was completed. (0x12B)
[0630/173136.311:ERROR:process_memory_win.cc(73)] ReadMemory at 0x1f2f6fe6880 of 58 bytes failed: Only part of a ReadProcessMemory or WriteProcessMemory request was completed. (0x12B)
[0630/173136.311:ERROR:process_memory_win.cc(73)] ReadMemory at 0x1f2f6fe68d0 of 60 bytes failed: Only part of a ReadProcessMemory or WriteProcessMemory request was completed. (0x12B)
[0630/173136.311:ERROR:process_memory_win.cc(73)] ReadMemory at 0x1f2f6fe6ab0 of 60 bytes failed: Only part of a ReadProcessMemory or WriteProcessMemory request was completed. (0x12B)
[0630/173136.311:ERROR:process_memory_win.cc(73)] ReadMemory at 0x1f2f6fe6ce0 of 62 bytes failed: Only part of a ReadProcessMemory or WriteProcessMemory request was completed. (0x12B)
[0630/173136.311:ERROR:process_memory_win.cc(73)] ReadMemory at 0x1f2f6fe7490 of 132 bytes failed: Only part of a ReadProcessMemory or WriteProcessMemory request was completed. (0x12B)
[0630/173136.311:ERROR:process_memory_win.cc(73)] ReadMemory at 0x1f2f6fe8070 of 132 bytes failed: Only part of a ReadProcessMemory or WriteProcessMemory request was completed. (0x12B)
[0630/173136.311:ERROR:process_memory_win.cc(73)] ReadMemory at 0x1f2f6fe81a0 of 132 bytes failed: Only part of a ReadProcessMemory or WriteProcessMemory request was completed. (0x12B)
[0630/173136.311:ERROR:process_memory_win.cc(73)] ReadMemory at 0x1f2f6fe82d0 of 132 bytes failed: Only part of a ReadProcessMemory or WriteProcessMemory request was completed. (0x12B)
[0630/173136.311:ERROR:process_memory_win.cc(73)] ReadMemory at 0x1f2f6fe8400 of 132 bytes failed: Only part of a ReadProcessMemory or WriteProcessMemory request was completed. (0x12B)
[0630/173136.312:ERROR:process_memory_win.cc(73)] ReadMemory at 0x1f2f6fe8530 of 132 bytes failed: Only part of a ReadProcessMemory or WriteProcessMemory request was completed. (0x12B)
[0630/173136.312:ERROR:process_memory_win.cc(73)] ReadMemory at 0x1f2f6fe8660 of 132 bytes failed: Only part of a ReadProcessMemory or WriteProcessMemory request was completed. (0x12B)
[0630/173136.312:ERROR:process_memory_win.cc(73)] ReadMemory at 0x1f2f6fe89f0 of 132 bytes failed: Only part of a ReadProcessMemory or WriteProcessMemory request was completed. (0x12B)
[0630/173136.312:ERROR:process_memory_win.cc(73)] ReadMemory at 0x1f2f6fe8c50 of 132 bytes failed: Only part of a ReadProcessMemory or WriteProcessMemory request was completed. (0x12B)
[0630/173136.312:ERROR:process_memory_win.cc(73)] ReadMemory at 0x1f2f6fe8d80 of 132 bytes failed: Only part of a ReadProcessMemory or WriteProcessMemory request was completed. (0x12B)
[0630/173136.312:ERROR:process_memory_win.cc(73)] ReadMemory at 0x1f2f6fffe70 of 512 bytes failed: Only part of a ReadProcessMemory or WriteProcessMemory request was completed. (0x12B)
[0630/173136.312:ERROR:process_memory_win.cc(73)] ReadMemory at 0x1f2f7000c20 of 512 bytes failed: Only part of a ReadProcessMemory or WriteProcessMemory request was completed. (0x12B)
[0630/173136.312:ERROR:process_memory_win.cc(73)] ReadMemory at 0x1f2f7000f50 of 512 bytes failed: Only part of a ReadProcessMemory or WriteProcessMemory request was completed. (0x12B)
[0630/173136.312:ERROR:process_memory_win.cc(73)] ReadMemory at 0x1f2f71a1000 of 512 bytes failed: Only part of a ReadProcessMemory or WriteProcessMemory request was completed. (0x12B)
[0630/173136.312:ERROR:process_memory_win.cc(73)] ReadMemory at 0x1f2f71a1cc0 of 512 bytes failed: Only part of a ReadProcessMemory or WriteProcessMemory request was completed. (0x12B)
[0630/173136.312:ERROR:process_memory_win.cc(73)] ReadMemory at 0x1f2f7240000 of 384 bytes failed: Only part of a ReadProcessMemory or WriteProcessMemory request was completed. (0x12B)
[0630/173136.312:ERROR:process_memory_win.cc(73)] ReadMemory at 0x1f2f72824b0 of 512 bytes failed: Only part of a ReadProcessMemory or WriteProcessMemory request was completed. (0x12B)
[0630/173136.312:ERROR:process_memory_win.cc(73)] ReadMemory at 0x1f2f7292b00 of 712 bytes failed: Only part of a ReadProcessMemory or WriteProcessMemory request was completed. (0x12B)
[0630/173136.313:ERROR:process_memory_win.cc(73)] ReadMemory at 0x1f2f729fa30 of 512 bytes failed: Only part of a ReadProcessMemory or WriteProcessMemory request was completed. (0x12B)
[0630/173136.313:ERROR:process_memory_win.cc(73)] ReadMemory at 0x1f2f730c7e0 of 512 bytes failed: Only part of a ReadProcessMemory or WriteProcessMemory request was completed. (0x12B)
[0630/173136.313:ERROR:process_memory_win.cc(73)] ReadMemory at 0x1f2f7316360 of 512 bytes failed: Only part of a ReadProcessMemory or WriteProcessMemory request was completed. (0x12B)
[0630/173136.313:ERROR:process_memory_win.cc(73)] ReadMemory at 0x1f2f8d48b80 of 512 bytes failed: Only part of a ReadProcessMemory or WriteProcessMemory request was completed. (0x12B)
[0630/173136.313:ERROR:process_memory_win.cc(73)] ReadMemory at 0x1f2f8dd6650 of 512 bytes failed: Only part of a ReadProcessMemory or WriteProcessMemory request was completed. (0x12B)
[0630/173136.313:ERROR:process_memory_win.cc(73)] ReadMemory at 0x1f2f8e867c0 of 512 bytes failed: Only part of a ReadProcessMemory or WriteProcessMemory request was completed. (0x12B)
[0630/173136.313:ERROR:process_memory_win.cc(73)] ReadMemory at 0x1f2f8f12d98 of 512 bytes failed: Only part of a ReadProcessMemory or WriteProcessMemory request was completed. (0x12B)
[0630/173136.313:ERROR:process_memory_win.cc(73)] ReadMemory at 0x1f2f8f23d60 of 512 bytes failed: Only part of a ReadProcessMemory or WriteProcessMemory request was completed. (0x12B)
[0630/173136.313:ERROR:process_memory_win.cc(73)] ReadMemory at 0x1f2f8fbbd80 of 512 bytes failed: Only part of a ReadProcessMemory or WriteProcessMemory request was completed. (0x12B)
[0630/173136.313:ERROR:process_memory_win.cc(73)] ReadMemory at 0x7ff8667946ab of 512 bytes failed: Only part of a ReadProcessMemory or WriteProcessMemory request was completed. (0x12B)
[0630/173136.313:ERROR:process_memory_win.cc(73)] ReadMemory at 0x7ff868ba8cfc of 512 bytes failed: Only part of a ReadProcessMemory or WriteProcessMemory request was completed. (0x12B)
[0630/173136.313:ERROR:process_memory_win.cc(73)] ReadMemory at 0x7ff86932074e of 553 bytes failed: Only part of a ReadProcessMemory or WriteProcessMemory request was completed. (0x12B)
[0630/173136.313:ERROR:process_memory_win.cc(73)] ReadMemory at 0x7ff86ddc1490 of 512 bytes failed: Only part of a ReadProcessMemory or WriteProcessMemory request was completed. (0x12B)
[0630/173136.313:ERROR:process_memory_win.cc(73)] ReadMemory at 0x7ff8cb090000 of 384 bytes failed: Only part of a ReadProcessMemory or WriteProcessMemory request was completed. (0x12B)
[0630/173136.314:ERROR:process_memory_win.cc(73)] ReadMemory at 0x7ff8cb0a1380 of 512 bytes failed: Only part of a ReadProcessMemory or WriteProcessMemory request was completed. (0x12B)
[0630/173136.314:ERROR:process_memory_win.cc(73)] ReadMemory at 0x7ff8cb0a2f48 of 512 bytes failed: Only part of a ReadProcessMemory or WriteProcessMemory request was completed. (0x12B)
[0630/173136.314:ERROR:process_memory_win.cc(73)] ReadMemory at 0x7ff8d7f8c6e0 of 512 bytes failed: Only part of a ReadProcessMemory or WriteProcessMemory request was completed. (0x12B)
[0630/173136.314:ERROR:process_memory_win.cc(73)] ReadMemory at 0x7ff8da9fc074 of 832 bytes failed: Only part of a ReadProcessMemory or WriteProcessMemory request was completed. (0x12B)
[0630/173136.314:ERROR:process_memory_win.cc(73)] ReadMemory at 0x7ff8da9ff924 of 608 bytes failed: Only part of a ReadProcessMemory or WriteProcessMemory request was completed. (0x12B)
[0630/173136.314:ERROR:process_memory_win.cc(73)] ReadMemory at 0x7ff8daa8c428 of 18 bytes failed: Only part of a ReadProcessMemory or WriteProcessMemory request was completed. (0x12B)
[0630/173136.314:ERROR:process_memory_win.cc(73)] ReadMemory at 0x7ff8daabf4f8 of 40 bytes failed: Only part of a ReadProcessMemory or WriteProcessMemory request was completed. (0x12B)
[0630/173136.314:ERROR:process_memory_win.cc(73)] ReadMemory at 0x7ff8daabf978 of 48 bytes failed: Only part of a ReadProcessMemory or WriteProcessMemory request was completed. (0x12B)
[0630/173136.314:ERROR:process_memory_win.cc(73)] ReadMemory at 0x7ff8daac53c0 of 64 bytes failed: Only part of a ReadProcessMemory or WriteProcessMemory request was completed. (0x12B)
[0630/173136.318:ERROR:scoped_process_suspend.cc(40)] NtResumeProcess: An attempt was made to access an exiting process. (0xc000010a)
